2024-01-18 02:56:18 [INFO] [31m[1mWARNING: This is a development server. Do not use it in a production deployment. Use a production WSGI server instead.[0m
 * Running on http://127.0.0.1:5000
2024-01-18 02:56:18 [INFO] [33mPress CTRL+C to quit[0m
2024-01-18 02:56:22 [INFO] Accessed the index route.
2024-01-18 02:56:22 [INFO] 127.0.0.1 - - [18/Jan/2024 02:56:22] "GET / HTTP/1.1" 200 -
2024-01-18 02:56:32 [INFO] Received crawl request: machine learning, max_results: 200
2024-01-18 02:56:32 [INFO] Starting arXiv crawler...
2024-01-18 02:56:33 [INFO] Found 200 papers about machine learning.
2024-01-18 02:56:35 [INFO] Data written to data/papers.json...
2024-01-18 02:56:35 [INFO] Processed those 200 papers.
2024-01-18 02:56:35 [INFO] Data written to data/papers_preprocessed.json...
2024-01-18 02:56:35 [INFO] Successfully saved all 200 preprocessed papers to papers_preprocessed.json.
2024-01-18 02:56:35 [INFO] Data written to data/inverted_index_authors.json...
2024-01-18 02:56:35 [INFO] Successfully created and saved all inverted index for Authors_processed (200 items).
2024-01-18 02:56:35 [INFO] Data written to data/inverted_index_abstract.json...
2024-01-18 02:56:35 [INFO] Successfully created and saved all inverted index for Abstract_processed (200 items).
2024-01-18 02:56:35 [INFO] Data written to data/inverted_index_date.json...
2024-01-18 02:56:35 [INFO] Successfully created and saved all inverted index for Date_processed (200 items).
2024-01-18 02:56:35 [INFO] Data written to data/inverted_index_title.json...
2024-01-18 02:56:35 [INFO] Successfully created and saved all inverted index for Title_processed (200 items).
2024-01-18 02:56:35 [INFO] All Inverted indices created and saved.
2024-01-18 02:56:35 [INFO] 127.0.0.1 - - [18/Jan/2024 02:56:35] "POST /crawl HTTP/1.1" 200 -
2024-01-18 02:56:49 [INFO] Accessed the index route.
2024-01-18 02:56:49 [INFO] 127.0.0.1 - - [18/Jan/2024 02:56:49] "GET / HTTP/1.1" 200 -
2024-01-18 02:57:07 [INFO] Accessed the /search route
2024-01-18 02:57:07 [INFO] Entered simple search
2024-01-18 02:57:07 [INFO] Performing search with option: Date
2024-01-18 02:57:07 [INFO] Matching documents: []
2024-01-18 02:57:07 [INFO] 127.0.0.1 - - [18/Jan/2024 02:57:07] "GET /search?query=python&search_option=Date&algorithm=no_algorithm HTTP/1.1" 200 -
2024-01-18 02:57:09 [INFO] Accessed the index route.
2024-01-18 02:57:09 [INFO] 127.0.0.1 - - [18/Jan/2024 02:57:09] "GET / HTTP/1.1" 200 -
2024-01-18 02:57:14 [INFO] Accessed the /search route
2024-01-18 02:57:14 [INFO] Entered simple search
2024-01-18 02:57:14 [INFO] Performing search with option: Title
2024-01-18 02:57:14 [INFO] Matching documents: [21, 23, 31, 34, 40, 43, 61, 66, 71, 77, 86]
2024-01-18 02:57:14 [INFO] 127.0.0.1 - - [18/Jan/2024 02:57:14] "GET /search?query=python&search_option=Title&algorithm=no_algorithm HTTP/1.1" 200 -
2024-01-18 02:57:18 [INFO] Accessed the /search route
2024-01-18 02:57:18 [INFO] Entered simple search
2024-01-18 02:57:18 [INFO] Performing search with option: Title
2024-01-18 02:57:18 [INFO] Matching documents: [21, 23, 31, 34, 40, 43, 61, 66, 71, 77, 86]
2024-01-18 02:57:18 [INFO] Sorting results by author.
2024-01-18 02:57:18 [INFO] 127.0.0.1 - - [18/Jan/2024 02:57:18] "GET /search?query=python&search_option=Title&algorithm=no_algorithm&sort_by=author HTTP/1.1" 200 -
2024-01-18 02:57:21 [INFO] Accessed the /search route
2024-01-18 02:57:21 [INFO] Entered simple search
2024-01-18 02:57:21 [INFO] Performing search with option: Title
2024-01-18 02:57:21 [INFO] Matching documents: [21, 23, 31, 34, 40, 43, 61, 66, 71, 77, 86]
2024-01-18 02:57:21 [INFO] Sorting results by title.
2024-01-18 02:57:21 [INFO] 127.0.0.1 - - [18/Jan/2024 02:57:21] "GET /search?query=python&search_option=Title&algorithm=no_algorithm&sort_by=title HTTP/1.1" 200 -
2024-01-18 02:57:22 [INFO] Accessed the index route.
2024-01-18 02:57:22 [INFO] 127.0.0.1 - - [18/Jan/2024 02:57:22] "GET / HTTP/1.1" 200 -
2024-01-18 03:03:40 [INFO] [31m[1mWARNING: This is a development server. Do not use it in a production deployment. Use a production WSGI server instead.[0m
 * Running on http://127.0.0.1:5000
2024-01-18 03:03:40 [INFO] [33mPress CTRL+C to quit[0m
2024-01-18 03:03:42 [INFO] Accessed the index route.
2024-01-18 03:03:42 [INFO] 127.0.0.1 - - [18/Jan/2024 03:03:42] "GET / HTTP/1.1" 200 -
2024-01-18 03:03:47 [INFO] Received crawl request: 111111111, max_results: 100
2024-01-18 03:03:47 [INFO] Starting arXiv crawler...
2024-01-18 03:03:47 [INFO] Found 0 papers about 111111111.
2024-01-18 03:03:47 [INFO] Data written to data/papers.json...
2024-01-18 03:03:47 [INFO] Processed those 0 papers.
2024-01-18 03:03:47 [INFO] Data written to data/papers_preprocessed.json...
2024-01-18 03:03:47 [INFO] Successfully saved all 0 preprocessed papers to papers_preprocessed.json.
2024-01-18 03:03:47 [INFO] Data written to data/inverted_index_authors.json...
2024-01-18 03:03:47 [INFO] Successfully created and saved all inverted index for Authors_processed (0 items).
2024-01-18 03:03:47 [INFO] Data written to data/inverted_index_abstract.json...
2024-01-18 03:03:47 [INFO] Successfully created and saved all inverted index for Abstract_processed (0 items).
2024-01-18 03:03:47 [INFO] Data written to data/inverted_index_date.json...
2024-01-18 03:03:48 [INFO] Successfully created and saved all inverted index for Date_processed (0 items).
2024-01-18 03:03:48 [INFO] Data written to data/inverted_index_title.json...
2024-01-18 03:03:48 [INFO] Successfully created and saved all inverted index for Title_processed (0 items).
2024-01-18 03:03:48 [INFO] All Inverted indices created and saved.
2024-01-18 03:03:48 [INFO] 127.0.0.1 - - [18/Jan/2024 03:03:48] "POST /crawl HTTP/1.1" 200 -
2024-01-18 03:16:02 [INFO] [31m[1mWARNING: This is a development server. Do not use it in a production deployment. Use a production WSGI server instead.[0m
 * Running on http://127.0.0.1:5000
2024-01-18 03:16:02 [INFO] [33mPress CTRL+C to quit[0m
2024-01-18 03:16:04 [INFO] Accessed the index route.
2024-01-18 03:16:04 [INFO] 127.0.0.1 - - [18/Jan/2024 03:16:04] "GET / HTTP/1.1" 200 -
2024-01-18 03:16:10 [INFO] Received crawl request: 111111111, max_results: 100
2024-01-18 03:16:10 [INFO] Starting arXiv crawler...
2024-01-18 03:16:11 [INFO] 127.0.0.1 - - [18/Jan/2024 03:16:11] "POST /crawl HTTP/1.1" 200 -
2024-01-18 03:16:20 [INFO] Accessed the index route.
2024-01-18 03:16:20 [INFO] 127.0.0.1 - - [18/Jan/2024 03:16:20] "GET / HTTP/1.1" 200 -
2024-01-18 03:16:26 [INFO] Received crawl request: machine learning, max_results: 100
2024-01-18 03:16:26 [INFO] Starting arXiv crawler...
2024-01-18 03:16:27 [INFO] Found 100 papers about machine learning.
2024-01-18 03:16:28 [INFO] Data written to data/papers.json...
2024-01-18 03:16:28 [INFO] Processed those 100 papers.
2024-01-18 03:16:28 [INFO] Data written to data/papers_preprocessed.json...
2024-01-18 03:16:28 [INFO] Successfully saved all 100 preprocessed papers to papers_preprocessed.json.
2024-01-18 03:16:28 [INFO] Data written to data/inverted_index_authors.json...
2024-01-18 03:16:28 [INFO] Successfully created and saved all inverted index for Authors_processed (100 items).
2024-01-18 03:16:28 [INFO] Data written to data/inverted_index_abstract.json...
2024-01-18 03:16:28 [INFO] Successfully created and saved all inverted index for Abstract_processed (100 items).
2024-01-18 03:16:28 [INFO] Data written to data/inverted_index_date.json...
2024-01-18 03:16:28 [INFO] Successfully created and saved all inverted index for Date_processed (100 items).
2024-01-18 03:16:28 [INFO] Data written to data/inverted_index_title.json...
2024-01-18 03:16:28 [INFO] Successfully created and saved all inverted index for Title_processed (100 items).
2024-01-18 03:16:28 [INFO] All Inverted indices created and saved.
2024-01-18 03:16:28 [INFO] 127.0.0.1 - - [18/Jan/2024 03:16:28] "POST /crawl HTTP/1.1" 200 -
2024-01-18 03:16:34 [INFO] Accessed the index route.
2024-01-18 03:16:34 [INFO] 127.0.0.1 - - [18/Jan/2024 03:16:34] "GET / HTTP/1.1" 200 -
2024-01-18 03:17:11 [INFO] [31m[1mWARNING: This is a development server. Do not use it in a production deployment. Use a production WSGI server instead.[0m
 * Running on http://127.0.0.1:5000
2024-01-18 03:17:11 [INFO] [33mPress CTRL+C to quit[0m
2024-01-18 03:17:13 [INFO] Accessed the index route.
2024-01-18 03:17:13 [INFO] 127.0.0.1 - - [18/Jan/2024 03:17:13] "GET / HTTP/1.1" 200 -
2024-01-18 03:17:18 [INFO] Received crawl request: 1111111111, max_results: 100
2024-01-18 03:17:18 [INFO] Starting arXiv crawler...
2024-01-18 03:17:19 [INFO] 127.0.0.1 - - [18/Jan/2024 03:17:19] "POST /crawl HTTP/1.1" 200 -
2024-01-18 03:17:23 [INFO] Accessed the index route.
2024-01-18 03:17:23 [INFO] 127.0.0.1 - - [18/Jan/2024 03:17:23] "GET / HTTP/1.1" 200 -
2024-01-18 03:27:20 [INFO] [31m[1mWARNING: This is a development server. Do not use it in a production deployment. Use a production WSGI server instead.[0m
 * Running on http://127.0.0.1:5000
2024-01-18 03:27:20 [INFO] [33mPress CTRL+C to quit[0m
2024-01-18 03:27:24 [INFO] Accessed the index route.
2024-01-18 03:27:24 [ERROR] Exception on / [GET]
Traceback (most recent call last):
  File "C:\Users\marou\OneDrive\Desktop\anakthsh\venv\Lib\site-packages\flask\app.py", line 1455, in wsgi_app
    response = self.full_dispatch_request()
               ^^^^^^^^^^^^^^^^^^^^^^^^^^^^
  File "C:\Users\marou\OneDrive\Desktop\anakthsh\venv\Lib\site-packages\flask\app.py", line 869, in full_dispatch_request
    rv = self.handle_user_exception(e)
         ^^^^^^^^^^^^^^^^^^^^^^^^^^^^^
  File "C:\Users\marou\OneDrive\Desktop\anakthsh\venv\Lib\site-packages\flask\app.py", line 867, in full_dispatch_request
    rv = self.dispatch_request()
         ^^^^^^^^^^^^^^^^^^^^^^^
  File "C:\Users\marou\OneDrive\Desktop\anakthsh\venv\Lib\site-packages\flask\app.py", line 852, in dispatch_request
    return self.ensure_sync(self.view_functions[rule.endpoint])(**view_args)
           ^^^^^^^^^^^^^^^^^^^^^^^^^^^^^^^^^^^^^^^^^^^^^^^^^^^^^^^^^^^^^^^^^
  File "C:\Users\marou\OneDrive\Desktop\anakthsh\controllers\app_controller.py", line 31, in index
    return render_template('index.html')
           ^^^^^^^^^^^^^^^^^^^^^^^^^^^^^
  File "C:\Users\marou\OneDrive\Desktop\anakthsh\venv\Lib\site-packages\flask\templating.py", line 151, in render_template
    template = app.jinja_env.get_or_select_template(template_name_or_list)
               ^^^^^^^^^^^^^^^^^^^^^^^^^^^^^^^^^^^^^^^^^^^^^^^^^^^^^^^^^^^
  File "C:\Users\marou\OneDrive\Desktop\anakthsh\venv\Lib\site-packages\jinja2\environment.py", line 1081, in get_or_select_template
    return self.get_template(template_name_or_list, parent, globals)
           ^^^^^^^^^^^^^^^^^^^^^^^^^^^^^^^^^^^^^^^^^^^^^^^^^^^^^^^^^
  File "C:\Users\marou\OneDrive\Desktop\anakthsh\venv\Lib\site-packages\jinja2\environment.py", line 1010, in get_template
    return self._load_template(name, globals)
           ^^^^^^^^^^^^^^^^^^^^^^^^^^^^^^^^^^
  File "C:\Users\marou\OneDrive\Desktop\anakthsh\venv\Lib\site-packages\jinja2\environment.py", line 969, in _load_template
    template = self.loader.load(self, name, self.make_globals(globals))
               ^^^^^^^^^^^^^^^^^^^^^^^^^^^^^^^^^^^^^^^^^^^^^^^^^^^^^^^^
  File "C:\Users\marou\OneDrive\Desktop\anakthsh\venv\Lib\site-packages\jinja2\loaders.py", line 125, in load
    source, filename, uptodate = self.get_source(environment, name)
                                 ^^^^^^^^^^^^^^^^^^^^^^^^^^^^^^^^^^
  File "C:\Users\marou\OneDrive\Desktop\anakthsh\venv\Lib\site-packages\flask\templating.py", line 65, in get_source
    return self._get_source_fast(environment, template)
           ^^^^^^^^^^^^^^^^^^^^^^^^^^^^^^^^^^^^^^^^^^^^
  File "C:\Users\marou\OneDrive\Desktop\anakthsh\venv\Lib\site-packages\flask\templating.py", line 99, in _get_source_fast
    raise TemplateNotFound(template)
jinja2.exceptions.TemplateNotFound: index.html
2024-01-18 03:27:24 [INFO] 127.0.0.1 - - [18/Jan/2024 03:27:24] "[35m[1mGET / HTTP/1.1[0m" 500 -
2024-01-18 03:30:15 [INFO] [31m[1mWARNING: This is a development server. Do not use it in a production deployment. Use a production WSGI server instead.[0m
 * Running on http://127.0.0.1:5000
2024-01-18 03:30:15 [INFO] [33mPress CTRL+C to quit[0m
2024-01-18 03:30:16 [INFO] Accessed the index route.
2024-01-18 03:30:16 [ERROR] Exception on / [GET]
Traceback (most recent call last):
  File "C:\Users\marou\OneDrive\Desktop\anakthsh\venv\Lib\site-packages\flask\app.py", line 1455, in wsgi_app
    response = self.full_dispatch_request()
               ^^^^^^^^^^^^^^^^^^^^^^^^^^^^
  File "C:\Users\marou\OneDrive\Desktop\anakthsh\venv\Lib\site-packages\flask\app.py", line 869, in full_dispatch_request
    rv = self.handle_user_exception(e)
         ^^^^^^^^^^^^^^^^^^^^^^^^^^^^^
  File "C:\Users\marou\OneDrive\Desktop\anakthsh\venv\Lib\site-packages\flask\app.py", line 867, in full_dispatch_request
    rv = self.dispatch_request()
         ^^^^^^^^^^^^^^^^^^^^^^^
  File "C:\Users\marou\OneDrive\Desktop\anakthsh\venv\Lib\site-packages\flask\app.py", line 852, in dispatch_request
    return self.ensure_sync(self.view_functions[rule.endpoint])(**view_args)
           ^^^^^^^^^^^^^^^^^^^^^^^^^^^^^^^^^^^^^^^^^^^^^^^^^^^^^^^^^^^^^^^^^
  File "C:\Users\marou\OneDrive\Desktop\anakthsh\controllers\app_controller.py", line 31, in index
    return render_template('index.html')
           ^^^^^^^^^^^^^^^^^^^^^^^^^^^^^
  File "C:\Users\marou\OneDrive\Desktop\anakthsh\venv\Lib\site-packages\flask\templating.py", line 151, in render_template
    template = app.jinja_env.get_or_select_template(template_name_or_list)
               ^^^^^^^^^^^^^^^^^^^^^^^^^^^^^^^^^^^^^^^^^^^^^^^^^^^^^^^^^^^
  File "C:\Users\marou\OneDrive\Desktop\anakthsh\venv\Lib\site-packages\jinja2\environment.py", line 1081, in get_or_select_template
    return self.get_template(template_name_or_list, parent, globals)
           ^^^^^^^^^^^^^^^^^^^^^^^^^^^^^^^^^^^^^^^^^^^^^^^^^^^^^^^^^
  File "C:\Users\marou\OneDrive\Desktop\anakthsh\venv\Lib\site-packages\jinja2\environment.py", line 1010, in get_template
    return self._load_template(name, globals)
           ^^^^^^^^^^^^^^^^^^^^^^^^^^^^^^^^^^
  File "C:\Users\marou\OneDrive\Desktop\anakthsh\venv\Lib\site-packages\jinja2\environment.py", line 969, in _load_template
    template = self.loader.load(self, name, self.make_globals(globals))
               ^^^^^^^^^^^^^^^^^^^^^^^^^^^^^^^^^^^^^^^^^^^^^^^^^^^^^^^^
  File "C:\Users\marou\OneDrive\Desktop\anakthsh\venv\Lib\site-packages\jinja2\loaders.py", line 125, in load
    source, filename, uptodate = self.get_source(environment, name)
                                 ^^^^^^^^^^^^^^^^^^^^^^^^^^^^^^^^^^
  File "C:\Users\marou\OneDrive\Desktop\anakthsh\venv\Lib\site-packages\flask\templating.py", line 65, in get_source
    return self._get_source_fast(environment, template)
           ^^^^^^^^^^^^^^^^^^^^^^^^^^^^^^^^^^^^^^^^^^^^
  File "C:\Users\marou\OneDrive\Desktop\anakthsh\venv\Lib\site-packages\flask\templating.py", line 99, in _get_source_fast
    raise TemplateNotFound(template)
jinja2.exceptions.TemplateNotFound: index.html
2024-01-18 03:30:16 [INFO] 127.0.0.1 - - [18/Jan/2024 03:30:16] "[35m[1mGET / HTTP/1.1[0m" 500 -
2024-01-18 03:31:58 [INFO] [31m[1mWARNING: This is a development server. Do not use it in a production deployment. Use a production WSGI server instead.[0m
 * Running on http://127.0.0.1:5000
2024-01-18 03:31:58 [INFO] [33mPress CTRL+C to quit[0m
2024-01-18 03:31:59 [INFO] Accessed the index route.
2024-01-18 03:31:59 [INFO] 127.0.0.1 - - [18/Jan/2024 03:31:59] "GET / HTTP/1.1" 200 -
2024-01-18 03:33:42 [INFO] Received crawl request: 1111111111, max_results: 100
2024-01-18 03:33:42 [INFO] Starting arXiv crawler...
2024-01-18 03:33:42 [INFO] 127.0.0.1 - - [18/Jan/2024 03:33:42] "POST /crawl HTTP/1.1" 200 -
2024-01-18 03:33:44 [INFO] Accessed the index route.
2024-01-18 03:33:44 [INFO] 127.0.0.1 - - [18/Jan/2024 03:33:44] "GET / HTTP/1.1" 200 -
2024-01-18 03:33:49 [INFO] Received crawl request: python, max_results: 200
2024-01-18 03:33:49 [INFO] Starting arXiv crawler...
2024-01-18 03:33:50 [INFO] Found 200 papers about python.
2024-01-18 03:33:52 [INFO] Data written to data/papers.json...
2024-01-18 03:33:52 [INFO] Processed those 200 papers.
2024-01-18 03:33:52 [INFO] Data written to data/papers_preprocessed.json...
2024-01-18 03:33:52 [INFO] Successfully saved all 200 preprocessed papers to papers_preprocessed.json.
2024-01-18 03:33:52 [INFO] Data written to data/inverted_index_authors.json...
2024-01-18 03:33:52 [INFO] Successfully created and saved all inverted index for Authors_processed (200 items).
2024-01-18 03:33:52 [INFO] Data written to data/inverted_index_abstract.json...
2024-01-18 03:33:52 [INFO] Successfully created and saved all inverted index for Abstract_processed (200 items).
2024-01-18 03:33:52 [INFO] Data written to data/inverted_index_date.json...
2024-01-18 03:33:52 [INFO] Successfully created and saved all inverted index for Date_processed (200 items).
2024-01-18 03:33:52 [INFO] Data written to data/inverted_index_title.json...
2024-01-18 03:33:52 [INFO] Successfully created and saved all inverted index for Title_processed (200 items).
2024-01-18 03:33:52 [INFO] All Inverted indices created and saved.
2024-01-18 03:33:52 [INFO] 127.0.0.1 - - [18/Jan/2024 03:33:52] "POST /crawl HTTP/1.1" 200 -
2024-01-18 03:33:57 [INFO] Accessed the index route.
2024-01-18 03:33:57 [INFO] 127.0.0.1 - - [18/Jan/2024 03:33:57] "GET / HTTP/1.1" 200 -
2024-01-18 03:34:00 [INFO] Accessed the /search route
2024-01-18 03:34:00 [INFO] Entered simple search
2024-01-18 03:34:00 [INFO] Performing search with option: all_fields
2024-01-18 03:34:00 [INFO] Matching documents: [1, 83]
2024-01-18 03:34:00 [INFO] 127.0.0.1 - - [18/Jan/2024 03:34:00] "GET /search?query=python&search_option=all_fields&algorithm=no_algorithm HTTP/1.1" 200 -
2024-01-18 03:34:04 [INFO] Accessed the /search route
2024-01-18 03:34:04 [INFO] Entered simple search
2024-01-18 03:34:04 [INFO] Performing search with option: all_fields
2024-01-18 03:34:04 [INFO] Matching documents: [1, 83]
2024-01-18 03:34:04 [INFO] Sorting results by author.
2024-01-18 03:34:04 [INFO] 127.0.0.1 - - [18/Jan/2024 03:34:04] "GET /search?query=python&search_option=all_fields&algorithm=no_algorithm&sort_by=author HTTP/1.1" 200 -
2024-01-18 03:34:09 [INFO] Accessed the /search route
2024-01-18 03:34:09 [INFO] Entered simple search
2024-01-18 03:34:09 [INFO] Performing search with option: all_fields
2024-01-18 03:34:09 [INFO] Matching documents: [1, 83]
2024-01-18 03:34:09 [INFO] Sorting results by title.
2024-01-18 03:34:09 [INFO] 127.0.0.1 - - [18/Jan/2024 03:34:09] "GET /search?query=python&search_option=all_fields&algorithm=no_algorithm&sort_by=title HTTP/1.1" 200 -
2024-01-18 03:34:13 [INFO] Accessed the /search route
2024-01-18 03:34:13 [INFO] Entered simple search
2024-01-18 03:34:13 [INFO] Performing search with option: all_fields
2024-01-18 03:34:13 [INFO] Matching documents: [1, 83]
2024-01-18 03:34:13 [INFO] Sorting results by title.
2024-01-18 03:34:13 [INFO] 127.0.0.1 - - [18/Jan/2024 03:34:13] "GET /search?query=python&search_option=all_fields&algorithm=no_algorithm&sort_by=title HTTP/1.1" 200 -
2024-01-18 03:34:14 [INFO] Accessed the /search route
2024-01-18 03:34:14 [INFO] Entered simple search
2024-01-18 03:34:14 [INFO] Performing search with option: all_fields
2024-01-18 03:34:14 [INFO] Matching documents: [1, 83]
2024-01-18 03:34:14 [INFO] Sorting results by date.
2024-01-18 03:34:14 [INFO] 127.0.0.1 - - [18/Jan/2024 03:34:14] "GET /search?query=python&search_option=all_fields&algorithm=no_algorithm&sort_by=date HTTP/1.1" 200 -
2024-01-18 03:34:15 [INFO] Accessed the index route.
2024-01-18 03:34:15 [INFO] 127.0.0.1 - - [18/Jan/2024 03:34:15] "GET / HTTP/1.1" 200 -
2024-01-18 03:34:46 [INFO] Accessed the /search route
2024-01-18 03:34:46 [INFO] Entered boolean algorithm
2024-01-18 03:34:46 [INFO] Split query into terms and operators: ['python ', 'AND', ' 11January2024']
2024-01-18 03:34:46 [INFO] Generated queries: ['python AND 11january2024']
2024-01-18 03:34:46 [INFO] Final matching documents: []
2024-01-18 03:34:46 [INFO] 127.0.0.1 - - [18/Jan/2024 03:34:46] "GET /search?query=python+AND+11January2024&search_option=all_fields&algorithm=boolean HTTP/1.1" 200 -
2024-01-18 03:34:52 [INFO] Accessed the index route.
2024-01-18 03:34:52 [INFO] 127.0.0.1 - - [18/Jan/2024 03:34:52] "GET / HTTP/1.1" 200 -
2024-01-18 03:35:12 [INFO] Accessed the /search route
2024-01-18 03:35:12 [INFO] Entered simple search
2024-01-18 03:35:12 [INFO] Performing search with option: all_fields
2024-01-18 03:35:12 [INFO] Matching documents: []
2024-01-18 03:35:12 [INFO] 127.0.0.1 - - [18/Jan/2024 03:35:12] "GET /search?query=python+AND+17January2024&search_option=all_fields&algorithm=no_algorithm HTTP/1.1" 200 -
2024-01-18 03:35:14 [INFO] Accessed the index route.
2024-01-18 03:35:14 [INFO] 127.0.0.1 - - [18/Jan/2024 03:35:14] "GET / HTTP/1.1" 200 -
2024-01-18 03:35:42 [INFO] Accessed the /search route
2024-01-18 03:35:42 [INFO] Entered simple search
2024-01-18 03:35:42 [INFO] Performing search with option: all_fields
2024-01-18 03:35:42 [INFO] Matching documents: []
2024-01-18 03:35:42 [INFO] 127.0.0.1 - - [18/Jan/2024 03:35:42] "GET /search?query=python+AND+16January2024&search_option=all_fields&algorithm=no_algorithm HTTP/1.1" 200 -
2024-01-18 03:35:46 [INFO] Accessed the index route.
2024-01-18 03:35:46 [INFO] 127.0.0.1 - - [18/Jan/2024 03:35:46] "GET / HTTP/1.1" 200 -
2024-01-18 03:35:59 [INFO] Accessed the /search route
2024-01-18 03:35:59 [INFO] Entered boolean algorithm
2024-01-18 03:35:59 [INFO] Split query into terms and operators: ['python ', 'AND', ' 16January2024']
2024-01-18 03:35:59 [INFO] Generated queries: ['python AND 16january2024']
2024-01-18 03:35:59 [INFO] Final matching documents: [2, 84]
2024-01-18 03:35:59 [INFO] 127.0.0.1 - - [18/Jan/2024 03:35:59] "GET /search?query=python+AND+16January2024&search_option=all_fields&algorithm=boolean HTTP/1.1" 200 -
2024-01-18 03:36:02 [INFO] Accessed the /search route
2024-01-18 03:36:02 [INFO] Entered boolean algorithm
2024-01-18 03:36:02 [INFO] Split query into terms and operators: ['python ', 'AND', ' 16january2024']
2024-01-18 03:36:02 [INFO] Generated queries: ['python AND 16january2024']
2024-01-18 03:36:02 [INFO] Final matching documents: [2, 84]
2024-01-18 03:36:02 [INFO] 127.0.0.1 - - [18/Jan/2024 03:36:02] "GET /search?query=python+AND+16january2024&search_option=all_fields&algorithm=boolean&sort_by=author HTTP/1.1" 200 -
2024-01-18 03:36:06 [INFO] Accessed the /search route
2024-01-18 03:36:06 [INFO] Entered boolean algorithm
2024-01-18 03:36:06 [INFO] Split query into terms and operators: ['python ', 'AND', ' 16january2024']
2024-01-18 03:36:06 [INFO] Generated queries: ['python AND 16january2024']
2024-01-18 03:36:06 [INFO] Final matching documents: [2, 84]
2024-01-18 03:36:06 [INFO] 127.0.0.1 - - [18/Jan/2024 03:36:06] "GET /search?query=python+AND+16january2024&search_option=all_fields&algorithm=boolean&sort_by=title HTTP/1.1" 200 -
2024-01-18 03:36:10 [INFO] Accessed the index route.
2024-01-18 03:36:10 [INFO] 127.0.0.1 - - [18/Jan/2024 03:36:10] "GET / HTTP/1.1" 200 -
2024-01-18 03:36:21 [INFO] Accessed the /search route
2024-01-18 03:36:21 [INFO] Entered probabilistic algorithm
2024-01-18 03:36:21 [INFO] 127.0.0.1 - - [18/Jan/2024 03:36:21] "GET /search?query=machine+learning&search_option=all_fields&algorithm=probabilistic HTTP/1.1" 200 -
2024-01-18 03:36:24 [INFO] Accessed the /search route
2024-01-18 03:36:24 [INFO] Entered probabilistic algorithm
2024-01-18 03:36:24 [INFO] Sorting results by author.
2024-01-18 03:36:24 [INFO] 127.0.0.1 - - [18/Jan/2024 03:36:24] "GET /search?query=machine+learning&search_option=all_fields&algorithm=probabilistic&sort_by=author HTTP/1.1" 200 -
2024-01-18 03:36:29 [INFO] Accessed the /search route
2024-01-18 03:36:29 [INFO] Entered probabilistic algorithm
2024-01-18 03:36:29 [INFO] Sorting results by title.
2024-01-18 03:36:29 [INFO] 127.0.0.1 - - [18/Jan/2024 03:36:29] "GET /search?query=machine+learning&search_option=all_fields&algorithm=probabilistic&sort_by=title HTTP/1.1" 200 -
2024-01-18 03:36:32 [INFO] Accessed the /search route
2024-01-18 03:36:32 [INFO] Entered probabilistic algorithm
2024-01-18 03:36:32 [INFO] Sorting results by date.
2024-01-18 03:36:32 [INFO] 127.0.0.1 - - [18/Jan/2024 03:36:32] "GET /search?query=machine+learning&search_option=all_fields&algorithm=probabilistic&sort_by=date HTTP/1.1" 200 -
2024-01-18 03:37:17 [INFO] Accessed the index route.
2024-01-18 03:37:17 [INFO] 127.0.0.1 - - [18/Jan/2024 03:37:17] "GET / HTTP/1.1" 200 -
2024-01-18 03:37:31 [INFO] Accessed the /search route
2024-01-18 03:37:31 [INFO] Entered vector space algorithm
2024-01-18 03:37:31 [INFO] 127.0.0.1 - - [18/Jan/2024 03:37:31] "GET /search?query=java&search_option=Title&algorithm=vector_space HTTP/1.1" 200 -
2024-01-18 03:37:40 [INFO] Accessed the /search route
2024-01-18 03:37:40 [INFO] Entered vector space algorithm
2024-01-18 03:37:40 [INFO] Sorting results by date.
2024-01-18 03:37:40 [INFO] 127.0.0.1 - - [18/Jan/2024 03:37:40] "GET /search?query=java&search_option=Title&algorithm=vector_space&sort_by=date HTTP/1.1" 200 -
2024-01-18 03:37:50 [INFO] Accessed the index route.
2024-01-18 03:37:50 [INFO] 127.0.0.1 - - [18/Jan/2024 03:37:50] "GET / HTTP/1.1" 200 -
2024-01-18 03:39:49 [INFO] [31m[1mWARNING: This is a development server. Do not use it in a production deployment. Use a production WSGI server instead.[0m
 * Running on http://127.0.0.1:5000
2024-01-18 03:39:49 [INFO] [33mPress CTRL+C to quit[0m
2024-01-18 03:39:50 [INFO] Accessed the index route.
2024-01-18 03:39:50 [INFO] 127.0.0.1 - - [18/Jan/2024 03:39:50] "GET / HTTP/1.1" 200 -
2024-01-18 03:40:05 [INFO] Accessed the /search route
2024-01-18 03:40:05 [INFO] Entered boolean algorithm
2024-01-18 03:40:05 [INFO] Split query into terms and operators: ['python ', 'AND', ' 16January2024']
2024-01-18 03:40:05 [INFO] Generated queries: ['python AND 16january2024']
2024-01-18 03:40:05 [INFO] Final matching documents: [1, 2, 3, 4, 5, 6, 7, 8]
2024-01-18 03:40:05 [INFO] 127.0.0.1 - - [18/Jan/2024 03:40:05] "GET /search?query=python+AND+16January2024&search_option=all_fields&algorithm=boolean HTTP/1.1" 200 -
2024-01-18 03:40:11 [INFO] Accessed the /search route
2024-01-18 03:40:11 [INFO] Entered boolean algorithm
2024-01-18 03:40:11 [INFO] Split query into terms and operators: ['python ', 'AND', ' 16january2024']
2024-01-18 03:40:11 [INFO] Generated queries: ['python AND 16january2024']
2024-01-18 03:40:11 [INFO] Final matching documents: [1, 2, 3, 4, 5, 6, 7, 8]
2024-01-18 03:40:11 [INFO] 127.0.0.1 - - [18/Jan/2024 03:40:11] "GET /search?query=python+AND+16january2024&search_option=all_fields&algorithm=boolean&sort_by=author HTTP/1.1" 200 -
2024-01-18 03:40:14 [INFO] Accessed the /search route
2024-01-18 03:40:14 [INFO] Entered boolean algorithm
2024-01-18 03:40:14 [INFO] Split query into terms and operators: ['python ', 'AND', ' 16january2024']
2024-01-18 03:40:14 [INFO] Generated queries: ['python AND 16january2024']
2024-01-18 03:40:14 [INFO] Final matching documents: [1, 2, 3, 4, 5, 6, 7, 8]
2024-01-18 03:40:14 [INFO] 127.0.0.1 - - [18/Jan/2024 03:40:14] "GET /search?query=python+AND+16january2024&search_option=all_fields&algorithm=boolean&sort_by=title HTTP/1.1" 200 -
2024-01-18 03:42:38 [INFO] [31m[1mWARNING: This is a development server. Do not use it in a production deployment. Use a production WSGI server instead.[0m
 * Running on http://127.0.0.1:5000
2024-01-18 03:42:38 [INFO] [33mPress CTRL+C to quit[0m
2024-01-18 03:42:39 [INFO] Accessed the index route.
2024-01-18 03:42:39 [INFO] 127.0.0.1 - - [18/Jan/2024 03:42:39] "GET / HTTP/1.1" 200 -
2024-01-18 03:42:49 [INFO] Accessed the /search route
2024-01-18 03:42:49 [INFO] Entered boolean algorithm
2024-01-18 03:42:49 [INFO] Split query into terms and operators: ['python ', 'AND', ' 16January2024']
2024-01-18 03:42:49 [INFO] Generated queries: ['python AND 16january2024']
2024-01-18 03:42:49 [INFO] Final matching documents: [1, 2, 3, 4, 5, 6, 7, 8]
2024-01-18 03:42:49 [INFO] 127.0.0.1 - - [18/Jan/2024 03:42:49] "GET /search?query=python+AND+16January2024&search_option=all_fields&algorithm=boolean HTTP/1.1" 200 -
2024-01-18 03:42:51 [INFO] Accessed the /search route
2024-01-18 03:42:51 [INFO] Entered boolean algorithm
2024-01-18 03:42:51 [INFO] Split query into terms and operators: ['python ', 'AND', ' 16january2024']
2024-01-18 03:42:51 [INFO] Generated queries: ['python AND 16january2024']
2024-01-18 03:42:51 [INFO] Final matching documents: [1, 2, 3, 4, 5, 6, 7, 8]
2024-01-18 03:42:51 [INFO] Sorting results by author.
2024-01-18 03:42:51 [INFO] 127.0.0.1 - - [18/Jan/2024 03:42:51] "GET /search?query=python+AND+16january2024&search_option=all_fields&algorithm=boolean&sort_by=author HTTP/1.1" 200 -
2024-01-18 03:43:05 [INFO] Accessed the /search route
2024-01-18 03:43:05 [INFO] Entered boolean algorithm
2024-01-18 03:43:05 [INFO] Split query into terms and operators: ['python ', 'AND', ' 16january2024']
2024-01-18 03:43:05 [INFO] Generated queries: ['python AND 16january2024']
2024-01-18 03:43:05 [INFO] Final matching documents: [1, 2, 3, 4, 5, 6, 7, 8]
2024-01-18 03:43:05 [INFO] Sorting results by title.
2024-01-18 03:43:05 [INFO] 127.0.0.1 - - [18/Jan/2024 03:43:05] "GET /search?query=python+AND+16january2024&search_option=all_fields&algorithm=boolean&sort_by=title HTTP/1.1" 200 -
2024-01-18 03:43:27 [INFO] Accessed the /search route
2024-01-18 03:43:27 [INFO] Entered boolean algorithm
2024-01-18 03:43:27 [INFO] Split query into terms and operators: ['python ', 'AND', ' 16january2024']
2024-01-18 03:43:27 [INFO] Generated queries: ['python AND 16january2024']
2024-01-18 03:43:27 [INFO] Final matching documents: [1, 2, 3, 4, 5, 6, 7, 8]
2024-01-18 03:43:27 [INFO] Sorting results by date.
2024-01-18 03:43:27 [INFO] 127.0.0.1 - - [18/Jan/2024 03:43:27] "GET /search?query=python+AND+16january2024&search_option=all_fields&algorithm=boolean&sort_by=date HTTP/1.1" 200 -
2024-01-18 03:47:41 [INFO] [31m[1mWARNING: This is a development server. Do not use it in a production deployment. Use a production WSGI server instead.[0m
 * Running on http://127.0.0.1:5000
2024-01-18 03:47:41 [INFO] [33mPress CTRL+C to quit[0m
2024-01-18 03:47:43 [INFO] Accessed the index route.
2024-01-18 03:47:43 [INFO] 127.0.0.1 - - [18/Jan/2024 03:47:43] "GET / HTTP/1.1" 200 -
2024-01-18 03:47:49 [INFO] Received crawl request: machine learning, max_results: 200
2024-01-18 03:47:49 [INFO] Starting arXiv crawler...
2024-01-18 03:47:50 [INFO] Found 200 papers about machine learning.
2024-01-18 03:47:52 [INFO] Data written to data/papers.json...
2024-01-18 03:47:52 [INFO] Processed those 200 papers.
2024-01-18 03:47:52 [INFO] Data written to data/papers_preprocessed.json...
2024-01-18 03:47:52 [INFO] Successfully saved all 200 preprocessed papers to papers_preprocessed.json.
2024-01-18 03:47:52 [INFO] Data written to data/inverted_index_authors.json...
2024-01-18 03:47:52 [INFO] Successfully created and saved all inverted index for Authors_processed (200 items).
2024-01-18 03:47:52 [INFO] Data written to data/inverted_index_abstract.json...
2024-01-18 03:47:52 [INFO] Successfully created and saved all inverted index for Abstract_processed (200 items).
2024-01-18 03:47:52 [INFO] Data written to data/inverted_index_date.json...
2024-01-18 03:47:52 [INFO] Successfully created and saved all inverted index for Date_processed (200 items).
2024-01-18 03:47:52 [INFO] Data written to data/inverted_index_title.json...
2024-01-18 03:47:52 [INFO] Successfully created and saved all inverted index for Title_processed (200 items).
2024-01-18 03:47:52 [INFO] All Inverted indices created and saved.
2024-01-18 03:47:52 [INFO] 127.0.0.1 - - [18/Jan/2024 03:47:52] "POST /crawl HTTP/1.1" 200 -
2024-01-18 03:47:54 [INFO] Accessed the index route.
2024-01-18 03:47:54 [INFO] 127.0.0.1 - - [18/Jan/2024 03:47:54] "GET / HTTP/1.1" 200 -
2024-01-18 03:48:06 [INFO] Accessed the /search route
2024-01-18 03:48:06 [INFO] Entered simple search
2024-01-18 03:48:06 [INFO] Performing search with option: all_fields
2024-01-18 03:48:06 [INFO] Matching documents: [0, 2, 3, 4, 6, 7, 8, 9, 10, 11, 12, 13, 14, 15, 16, 17, 18, 19, 21, 22, 23, 25, 26, 27, 28, 29, 30, 31, 32, 34, 35, 36, 39, 40, 41, 43, 45, 46, 47, 49, 50, 51, 52, 53, 54, 55, 56, 57, 58, 59, 60, 61, 62, 63, 64, 65, 66, 67, 68, 69, 70, 71, 72, 74, 76, 77, 78, 79, 80, 81, 82, 83, 84, 86, 87, 88, 89, 91, 92, 93, 94, 96, 97, 98, 99, 101, 102, 103, 104, 105, 106, 107, 108, 109, 110, 112, 113, 114, 115, 117, 120, 121, 122, 123, 124, 125, 126, 127, 128, 129, 130, 131, 133, 134, 135, 136, 137, 138, 139, 140, 142, 143, 145, 146, 147, 148, 149, 150, 152, 153, 154, 155, 156, 157, 158, 159, 160, 161, 162, 163, 164, 165, 166, 167, 169, 172, 173, 174, 175, 176, 177, 178, 179, 180, 181, 182, 184, 186, 187, 188, 190, 191, 193, 195, 196, 197, 198, 199, 21, 23, 31, 34, 40, 43, 61, 66, 71, 77, 86, 115, 120, 123, 124, 138, 140, 151, 159, 170, 171, 174, 175, 187, 188, 193, 194, 199]
2024-01-18 03:48:06 [INFO] 127.0.0.1 - - [18/Jan/2024 03:48:06] "GET /search?query=python&search_option=all_fields&algorithm=no_algorithm HTTP/1.1" 200 -
2024-01-18 03:48:13 [INFO] Accessed the /search route
2024-01-18 03:48:13 [INFO] Entered simple search
2024-01-18 03:48:13 [INFO] Performing search with option: all_fields
2024-01-18 03:48:13 [INFO] Matching documents: [0, 2, 3, 4, 6, 7, 8, 9, 10, 11, 12, 13, 14, 15, 16, 17, 18, 19, 21, 22, 23, 25, 26, 27, 28, 29, 30, 31, 32, 34, 35, 36, 39, 40, 41, 43, 45, 46, 47, 49, 50, 51, 52, 53, 54, 55, 56, 57, 58, 59, 60, 61, 62, 63, 64, 65, 66, 67, 68, 69, 70, 71, 72, 74, 76, 77, 78, 79, 80, 81, 82, 83, 84, 86, 87, 88, 89, 91, 92, 93, 94, 96, 97, 98, 99, 101, 102, 103, 104, 105, 106, 107, 108, 109, 110, 112, 113, 114, 115, 117, 120, 121, 122, 123, 124, 125, 126, 127, 128, 129, 130, 131, 133, 134, 135, 136, 137, 138, 139, 140, 142, 143, 145, 146, 147, 148, 149, 150, 152, 153, 154, 155, 156, 157, 158, 159, 160, 161, 162, 163, 164, 165, 166, 167, 169, 172, 173, 174, 175, 176, 177, 178, 179, 180, 181, 182, 184, 186, 187, 188, 190, 191, 193, 195, 196, 197, 198, 199, 21, 23, 31, 34, 40, 43, 61, 66, 71, 77, 86, 115, 120, 123, 124, 138, 140, 151, 159, 170, 171, 174, 175, 187, 188, 193, 194, 199]
2024-01-18 03:48:13 [INFO] Sorting results by date.
2024-01-18 03:48:13 [INFO] 127.0.0.1 - - [18/Jan/2024 03:48:13] "GET /search?query=python&search_option=all_fields&algorithm=no_algorithm&sort_by=date HTTP/1.1" 200 -
2024-01-18 03:49:59 [INFO] [31m[1mWARNING: This is a development server. Do not use it in a production deployment. Use a production WSGI server instead.[0m
 * Running on http://127.0.0.1:5000
2024-01-18 03:49:59 [INFO] [33mPress CTRL+C to quit[0m
2024-01-18 03:50:00 [INFO] Accessed the index route.
2024-01-18 03:50:00 [INFO] 127.0.0.1 - - [18/Jan/2024 03:50:00] "GET / HTTP/1.1" 200 -
2024-01-18 03:50:02 [INFO] Accessed the /search route
2024-01-18 03:50:02 [INFO] Entered simple search
2024-01-18 03:50:02 [INFO] Performing search with option: all_fields
2024-01-18 03:50:02 [INFO] Matching documents: [1, 83, 188]
2024-01-18 03:50:02 [INFO] 127.0.0.1 - - [18/Jan/2024 03:50:02] "GET /search?query=python&search_option=all_fields&algorithm=no_algorithm HTTP/1.1" 200 -
2024-01-18 03:50:05 [INFO] Accessed the /search route
2024-01-18 03:50:05 [INFO] Entered simple search
2024-01-18 03:50:05 [INFO] Performing search with option: all_fields
2024-01-18 03:50:05 [INFO] Matching documents: [1, 83, 188]
2024-01-18 03:50:05 [INFO] Sorting results by date.
2024-01-18 03:50:05 [INFO] 127.0.0.1 - - [18/Jan/2024 03:50:05] "GET /search?query=python&search_option=all_fields&algorithm=no_algorithm&sort_by=date HTTP/1.1" 200 -
2024-01-18 03:50:16 [INFO] Accessed the /search route
2024-01-18 03:50:16 [INFO] Entered simple search
2024-01-18 03:50:16 [INFO] Performing search with option: all_fields
2024-01-18 03:50:16 [INFO] Matching documents: [1, 83, 188]
2024-01-18 03:50:16 [INFO] Sorting results by author.
2024-01-18 03:50:16 [INFO] 127.0.0.1 - - [18/Jan/2024 03:50:16] "GET /search?query=python&search_option=all_fields&algorithm=no_algorithm&sort_by=author HTTP/1.1" 200 -
2024-01-18 03:50:19 [INFO] Accessed the /search route
2024-01-18 03:50:19 [INFO] Entered simple search
2024-01-18 03:50:19 [INFO] Performing search with option: all_fields
2024-01-18 03:50:19 [INFO] Matching documents: [1, 83, 188]
2024-01-18 03:50:19 [INFO] Sorting results by date.
2024-01-18 03:50:19 [INFO] 127.0.0.1 - - [18/Jan/2024 03:50:19] "GET /search?query=python&search_option=all_fields&algorithm=no_algorithm&sort_by=date HTTP/1.1" 200 -
2024-01-18 03:50:22 [INFO] Accessed the index route.
2024-01-18 03:50:22 [INFO] 127.0.0.1 - - [18/Jan/2024 03:50:22] "GET / HTTP/1.1" 200 -
2024-01-18 03:50:29 [INFO] Accessed the /search route
2024-01-18 03:50:29 [INFO] Entered simple search
2024-01-18 03:50:29 [INFO] Performing search with option: all_fields
2024-01-18 03:50:29 [INFO] Matching documents: [117, 128]
2024-01-18 03:50:29 [INFO] 127.0.0.1 - - [18/Jan/2024 03:50:29] "GET /search?query=machine+learning&search_option=all_fields&algorithm=no_algorithm HTTP/1.1" 200 -
2024-01-18 03:50:34 [INFO] Accessed the /search route
2024-01-18 03:50:34 [INFO] Entered simple search
2024-01-18 03:50:34 [INFO] Performing search with option: all_fields
2024-01-18 03:50:34 [INFO] Matching documents: [117, 128]
2024-01-18 03:50:34 [INFO] Sorting results by date.
2024-01-18 03:50:34 [INFO] 127.0.0.1 - - [18/Jan/2024 03:50:34] "GET /search?query=machine+learning&search_option=all_fields&algorithm=no_algorithm&sort_by=date HTTP/1.1" 200 -
2024-01-18 03:50:35 [INFO] Accessed the index route.
2024-01-18 03:50:35 [INFO] 127.0.0.1 - - [18/Jan/2024 03:50:35] "GET / HTTP/1.1" 200 -
2024-01-18 03:50:43 [INFO] Accessed the /search route
2024-01-18 03:50:43 [INFO] Entered simple search
2024-01-18 03:50:43 [INFO] Performing search with option: all_fields
2024-01-18 03:50:43 [INFO] Matching documents: [167, 188]
2024-01-18 03:50:43 [INFO] 127.0.0.1 - - [18/Jan/2024 03:50:43] "GET /search?query=java&search_option=all_fields&algorithm=no_algorithm HTTP/1.1" 200 -
2024-01-18 03:50:50 [INFO] Accessed the index route.
2024-01-18 03:50:50 [INFO] 127.0.0.1 - - [18/Jan/2024 03:50:50] "GET / HTTP/1.1" 200 -
2024-01-18 03:51:13 [INFO] Accessed the /search route
2024-01-18 03:51:13 [INFO] Entered simple search
2024-01-18 03:51:13 [INFO] Performing search with option: all_fields
2024-01-18 03:51:13 [INFO] Matching documents: []
2024-01-18 03:51:13 [INFO] 127.0.0.1 - - [18/Jan/2024 03:51:13] "GET /search?query=tools&search_option=all_fields&algorithm=no_algorithm HTTP/1.1" 200 -
2024-01-18 03:51:17 [INFO] Accessed the index route.
2024-01-18 03:51:17 [INFO] 127.0.0.1 - - [18/Jan/2024 03:51:17] "GET / HTTP/1.1" 200 -
2024-01-18 03:51:25 [INFO] Accessed the /search route
2024-01-18 03:51:25 [INFO] Entered simple search
2024-01-18 03:51:25 [INFO] Performing search with option: all_fields
2024-01-18 03:51:25 [INFO] Matching documents: []
2024-01-18 03:51:25 [INFO] 127.0.0.1 - - [18/Jan/2024 03:51:25] "GET /search?query=TillHoffmann&search_option=all_fields&algorithm=no_algorithm HTTP/1.1" 200 -
2024-01-18 03:51:26 [INFO] Accessed the index route.
2024-01-18 03:51:26 [INFO] 127.0.0.1 - - [18/Jan/2024 03:51:26] "GET / HTTP/1.1" 200 -
2024-01-18 03:51:55 [INFO] Accessed the /search route
2024-01-18 03:51:55 [INFO] Entered simple search
2024-01-18 03:51:55 [INFO] Performing search with option: all_fields
2024-01-18 03:51:55 [INFO] Matching documents: [21, 34, 47, 52, 53, 80, 84, 119, 126, 128, 141, 165, 179, 180, 184, 34, 80, 119, 126]
2024-01-18 03:51:55 [INFO] 127.0.0.1 - - [18/Jan/2024 03:51:55] "GET /search?query=dynamic&search_option=all_fields&algorithm=no_algorithm HTTP/1.1" 200 -
2024-01-18 03:52:01 [INFO] Accessed the index route.
2024-01-18 03:52:01 [INFO] 127.0.0.1 - - [18/Jan/2024 03:52:01] "GET / HTTP/1.1" 200 -
2024-01-18 03:52:05 [INFO] Accessed the /search route
2024-01-18 03:52:05 [INFO] Entered simple search
2024-01-18 03:52:05 [INFO] Performing search with option: all_fields
2024-01-18 03:52:05 [INFO] Matching documents: [117, 128]
2024-01-18 03:52:05 [INFO] 127.0.0.1 - - [18/Jan/2024 03:52:05] "GET /search?query=machine+learning&search_option=all_fields&algorithm=no_algorithm HTTP/1.1" 200 -
2024-01-18 03:52:08 [INFO] Accessed the index route.
2024-01-18 03:52:08 [INFO] 127.0.0.1 - - [18/Jan/2024 03:52:08] "GET / HTTP/1.1" 200 -
2024-01-18 03:52:24 [INFO] Accessed the /search route
2024-01-18 03:52:24 [INFO] Entered simple search
2024-01-18 03:52:24 [INFO] Performing search with option: all_fields
2024-01-18 03:52:24 [INFO] Matching documents: [7, 9, 23, 36, 37, 56, 60, 62, 73, 77, 103, 109, 133, 139, 160, 167, 176, 183, 193, 194, 197, 23, 60, 193]
2024-01-18 03:52:24 [INFO] 127.0.0.1 - - [18/Jan/2024 03:52:24] "GET /search?query=code&search_option=all_fields&algorithm=no_algorithm HTTP/1.1" 200 -
2024-01-18 03:52:36 [INFO] Accessed the /search route
2024-01-18 03:52:36 [INFO] Entered simple search
2024-01-18 03:52:36 [INFO] Performing search with option: all_fields
2024-01-18 03:52:36 [INFO] Matching documents: [7, 9, 23, 36, 37, 56, 60, 62, 73, 77, 103, 109, 133, 139, 160, 167, 176, 183, 193, 194, 197, 23, 60, 193]
2024-01-18 03:52:36 [INFO] Sorting results by author.
2024-01-18 03:52:36 [INFO] 127.0.0.1 - - [18/Jan/2024 03:52:36] "GET /search?query=code&search_option=all_fields&algorithm=no_algorithm&sort_by=author HTTP/1.1" 200 -
2024-01-18 03:52:39 [INFO] Accessed the /search route
2024-01-18 03:52:39 [INFO] Entered simple search
2024-01-18 03:52:39 [INFO] Performing search with option: all_fields
2024-01-18 03:52:39 [INFO] Matching documents: [7, 9, 23, 36, 37, 56, 60, 62, 73, 77, 103, 109, 133, 139, 160, 167, 176, 183, 193, 194, 197, 23, 60, 193]
2024-01-18 03:52:39 [INFO] Sorting results by date.
2024-01-18 03:52:39 [INFO] 127.0.0.1 - - [18/Jan/2024 03:52:39] "GET /search?query=code&search_option=all_fields&algorithm=no_algorithm&sort_by=date HTTP/1.1" 200 -
2024-01-18 03:52:51 [INFO] Accessed the index route.
2024-01-18 03:52:51 [INFO] 127.0.0.1 - - [18/Jan/2024 03:52:51] "GET / HTTP/1.1" 200 -
2024-01-18 03:53:00 [INFO] Accessed the /search route
2024-01-18 03:53:00 [INFO] Entered probabilistic algorithm
2024-01-18 03:53:01 [INFO] 127.0.0.1 - - [18/Jan/2024 03:53:01] "GET /search?query=machine+learning&search_option=all_fields&algorithm=probabilistic HTTP/1.1" 200 -
2024-01-18 03:53:09 [INFO] Accessed the /search route
2024-01-18 03:53:09 [INFO] Entered probabilistic algorithm
2024-01-18 03:53:09 [INFO] Sorting results by date.
2024-01-18 03:53:09 [INFO] 127.0.0.1 - - [18/Jan/2024 03:53:09] "GET /search?query=machine+learning&search_option=all_fields&algorithm=probabilistic&sort_by=date HTTP/1.1" 200 -
2024-01-18 03:53:24 [INFO] Accessed the /search route
2024-01-18 03:53:24 [INFO] Entered probabilistic algorithm
2024-01-18 03:53:24 [INFO] Sorting results by author.
2024-01-18 03:53:24 [INFO] 127.0.0.1 - - [18/Jan/2024 03:53:24] "GET /search?query=machine+learning&search_option=all_fields&algorithm=probabilistic&sort_by=author HTTP/1.1" 200 -
2024-01-18 03:53:32 [INFO] Accessed the index route.
2024-01-18 03:53:32 [INFO] 127.0.0.1 - - [18/Jan/2024 03:53:32] "GET / HTTP/1.1" 200 -
2024-01-20 13:48:57 [INFO] [31m[1mWARNING: This is a development server. Do not use it in a production deployment. Use a production WSGI server instead.[0m
 * Running on http://127.0.0.1:5000
2024-01-20 13:48:57 [INFO] [33mPress CTRL+C to quit[0m
2024-01-20 13:48:59 [INFO] Accessed the index route.
2024-01-20 13:48:59 [INFO] 127.0.0.1 - - [20/Jan/2024 13:48:59] "GET / HTTP/1.1" 200 -
2024-01-20 13:48:59 [INFO] 127.0.0.1 - - [20/Jan/2024 13:48:59] "[33mGET /favicon.ico HTTP/1.1[0m" 404 -
2024-01-20 13:49:06 [INFO] Accessed the /search route
2024-01-20 13:49:06 [INFO] Entered probabilistic algorithm
2024-01-20 13:49:06 [INFO] 127.0.0.1 - - [20/Jan/2024 13:49:06] "GET /search?query=machine+learning&search_option=all_fields&algorithm=probabilistic HTTP/1.1" 200 -
2024-01-20 13:49:51 [INFO] Accessed the /search route
2024-01-20 13:49:51 [INFO] Entered probabilistic algorithm
2024-01-20 13:49:51 [INFO] 127.0.0.1 - - [20/Jan/2024 13:49:51] "GET /search?query=machine+learning+models&search_option=all_fields&algorithm=probabilistic HTTP/1.1" 200 -
2024-01-20 16:00:59 [INFO] [31m[1mWARNING: This is a development server. Do not use it in a production deployment. Use a production WSGI server instead.[0m
 * Running on http://127.0.0.1:5000
2024-01-20 16:00:59 [INFO] [33mPress CTRL+C to quit[0m
2024-01-20 16:00:59 [INFO] Accessed the index route.
2024-01-20 16:00:59 [INFO] 127.0.0.1 - - [20/Jan/2024 16:00:59] "GET / HTTP/1.1" 200 -
2024-01-20 16:02:17 [INFO] Accessed the /search route
2024-01-20 16:02:17 [INFO] Entered boolean algorithm
2024-01-20 16:02:17 [INFO] Split query into terms and operators: [' python ', 'AND', ' 10 January 2024']
2024-01-20 16:02:17 [INFO] Generated queries: ['python AND 10january2024']
2024-01-20 16:02:17 [INFO] Final matching documents: []
2024-01-20 16:02:17 [INFO] 127.0.0.1 - - [20/Jan/2024 16:02:17] "GET /search?query=+python+AND+10+January+2024&search_option=all_fields&algorithm=boolean HTTP/1.1" 200 -
2024-01-20 16:02:20 [INFO] Accessed the index route.
2024-01-20 16:02:20 [INFO] 127.0.0.1 - - [20/Jan/2024 16:02:20] "GET / HTTP/1.1" 200 -
2024-01-20 16:02:24 [INFO] Received crawl request: python, max_results: 100
2024-01-20 16:02:24 [INFO] Starting arXiv crawler...
2024-01-20 16:02:25 [INFO] Found 100 papers about python.
2024-01-20 16:02:27 [INFO] Data written to data/papers.json...
2024-01-20 16:02:27 [INFO] Processed those 100 papers.
2024-01-20 16:02:27 [INFO] Data written to data/papers_preprocessed.json...
2024-01-20 16:02:27 [INFO] Successfully saved all 100 preprocessed papers to papers_preprocessed.json.
2024-01-20 16:02:27 [INFO] Data written to data/inverted_index_authors.json...
2024-01-20 16:02:27 [INFO] Successfully created and saved all inverted index for Authors_processed (100 items).
2024-01-20 16:02:27 [INFO] Data written to data/inverted_index_abstract.json...
2024-01-20 16:02:27 [INFO] Successfully created and saved all inverted index for Abstract_processed (100 items).
2024-01-20 16:02:27 [INFO] Data written to data/inverted_index_date.json...
2024-01-20 16:02:27 [INFO] Successfully created and saved all inverted index for Date_processed (100 items).
2024-01-20 16:02:27 [INFO] Data written to data/inverted_index_title.json...
2024-01-20 16:02:27 [INFO] Successfully created and saved all inverted index for Title_processed (100 items).
2024-01-20 16:02:27 [INFO] All Inverted indices created and saved.
2024-01-20 16:02:27 [INFO] 127.0.0.1 - - [20/Jan/2024 16:02:27] "POST /crawl HTTP/1.1" 200 -
2024-01-20 16:02:46 [INFO] Accessed the index route.
2024-01-20 16:02:46 [INFO] 127.0.0.1 - - [20/Jan/2024 16:02:46] "GET / HTTP/1.1" 200 -
2024-01-20 16:02:49 [INFO] Received crawl request: 1111111111, max_results: 100
2024-01-20 16:02:49 [INFO] Starting arXiv crawler...
2024-01-20 16:02:49 [INFO] 127.0.0.1 - - [20/Jan/2024 16:02:49] "POST /crawl HTTP/1.1" 200 -
2024-01-20 16:15:26 [INFO] Accessed the index route.
2024-01-20 16:15:26 [INFO] 127.0.0.1 - - [20/Jan/2024 16:15:26] "GET / HTTP/1.1" 200 -
2024-01-20 16:15:29 [INFO] Accessed the /search route
2024-01-20 16:15:29 [INFO] Entered simple search
2024-01-20 16:15:29 [INFO] Performing search with option: all_fields
2024-01-20 16:15:29 [INFO] Matching documents: [1, 83, 188]
2024-01-20 16:15:29 [INFO] 127.0.0.1 - - [20/Jan/2024 16:15:29] "GET /search?query=python&search_option=all_fields&algorithm=no_algorithm HTTP/1.1" 200 -
2024-01-20 16:16:05 [INFO] Accessed the index route.
2024-01-20 16:16:05 [INFO] 127.0.0.1 - - [20/Jan/2024 16:16:05] "GET / HTTP/1.1" 200 -
2024-01-20 16:16:52 [INFO] Accessed the /search route
2024-01-20 16:16:52 [INFO] Entered boolean algorithm
2024-01-20 16:16:52 [INFO] Split query into terms and operators: [' python ', 'AND', ' 10 January 2024']
2024-01-20 16:16:52 [INFO] Generated queries: ['python AND 10january2024']
2024-01-20 16:16:52 [INFO] Final matching documents: []
2024-01-20 16:16:52 [INFO] 127.0.0.1 - - [20/Jan/2024 16:16:52] "GET /search?query=+python+AND+10+January+2024&search_option=all_fields&algorithm=boolean HTTP/1.1" 200 -
2024-01-20 16:16:54 [INFO] Accessed the index route.
2024-01-20 16:16:54 [INFO] 127.0.0.1 - - [20/Jan/2024 16:16:54] "GET / HTTP/1.1" 200 -
2024-01-20 16:17:09 [INFO] Accessed the /search route
2024-01-20 16:17:09 [INFO] Entered simple search
2024-01-20 16:17:09 [INFO] Performing search with option: all_fields
2024-01-20 16:17:09 [INFO] Matching documents: [1, 83, 188]
2024-01-20 16:17:09 [INFO] 127.0.0.1 - - [20/Jan/2024 16:17:09] "GET /search?query=python&search_option=all_fields&algorithm=no_algorithm HTTP/1.1" 200 -
2024-01-20 16:17:27 [INFO] Accessed the /search route
2024-01-20 16:17:27 [INFO] Entered boolean algorithm
2024-01-20 16:17:27 [INFO] Split query into terms and operators: ['python ', 'AND', ' 16 January 2024']
2024-01-20 16:17:27 [INFO] Generated queries: ['python AND 16january2024']
2024-01-20 16:17:27 [INFO] Final matching documents: [2, 84]
2024-01-20 16:17:27 [INFO] 127.0.0.1 - - [20/Jan/2024 16:17:27] "GET /search?query=python+AND+16+January+2024&search_option=all_fields&algorithm=boolean HTTP/1.1" 200 -
2024-01-20 16:18:20 [INFO] Accessed the index route.
2024-01-20 16:18:20 [INFO] 127.0.0.1 - - [20/Jan/2024 16:18:20] "GET / HTTP/1.1" 200 -
2024-01-20 16:18:49 [INFO] Accessed the /search route
2024-01-20 16:18:49 [INFO] Entered vector space algorithm
2024-01-20 16:18:49 [INFO] 127.0.0.1 - - [20/Jan/2024 16:18:49] "GET /search?query=machine+learning&search_option=all_fields&algorithm=vector_space HTTP/1.1" 200 -
2024-01-20 16:19:19 [INFO] Accessed the index route.
2024-01-20 16:19:19 [INFO] 127.0.0.1 - - [20/Jan/2024 16:19:19] "GET / HTTP/1.1" 200 -
2024-01-20 16:19:32 [INFO] Accessed the /search route
2024-01-20 16:19:32 [INFO] Entered probabilistic algorithm
2024-01-20 16:19:32 [INFO] 127.0.0.1 - - [20/Jan/2024 16:19:32] "GET /search?query=testing+debugging+python&search_option=all_fields&algorithm=probabilistic HTTP/1.1" 200 -
2024-01-20 16:19:48 [INFO] Accessed the index route.
2024-01-20 16:19:48 [INFO] 127.0.0.1 - - [20/Jan/2024 16:19:48] "GET / HTTP/1.1" 200 -
2024-01-20 16:19:56 [INFO] Accessed the /search route
2024-01-20 16:19:56 [INFO] Entered probabilistic algorithm
2024-01-20 16:19:56 [INFO] 127.0.0.1 - - [20/Jan/2024 16:19:56] "GET /search?query=deep+learning&search_option=all_fields&algorithm=probabilistic HTTP/1.1" 200 -
2024-01-20 16:20:20 [INFO] Accessed the index route.
2024-01-20 16:20:20 [INFO] 127.0.0.1 - - [20/Jan/2024 16:20:20] "GET / HTTP/1.1" 200 -
2024-01-20 18:01:34 [INFO] [31m[1mWARNING: This is a development server. Do not use it in a production deployment. Use a production WSGI server instead.[0m
 * Running on http://127.0.0.1:5000
2024-01-20 18:01:34 [INFO] [33mPress CTRL+C to quit[0m
2024-01-20 18:01:39 [INFO] Accessed the index route.
2024-01-20 18:01:39 [INFO] 127.0.0.1 - - [20/Jan/2024 18:01:39] "GET / HTTP/1.1" 200 -
2024-01-20 18:01:48 [INFO] Received crawl request: python, max_results: 100
2024-01-20 18:01:48 [INFO] Starting arXiv crawler...
2024-01-20 18:01:49 [INFO] Found 100 papers about python.
2024-01-20 18:01:50 [INFO] Data written to data/papers.json...
2024-01-20 18:01:50 [INFO] Processed those 100 papers.
2024-01-20 18:01:50 [INFO] Data written to data/papers_preprocessed.json...
2024-01-20 18:01:50 [INFO] Successfully saved all 100 preprocessed papers to papers_preprocessed.json.
2024-01-20 18:01:50 [INFO] Data written to data/inverted_index_authors.json...
2024-01-20 18:01:50 [INFO] Successfully created and saved all inverted index for Authors_processed (100 items).
2024-01-20 18:01:50 [INFO] Data written to data/inverted_index_abstract.json...
2024-01-20 18:01:50 [INFO] Successfully created and saved all inverted index for Abstract_processed (100 items).
2024-01-20 18:01:50 [INFO] Data written to data/inverted_index_date.json...
2024-01-20 18:01:50 [INFO] Successfully created and saved all inverted index for Date_processed (100 items).
2024-01-20 18:01:50 [INFO] Data written to data/inverted_index_title.json...
2024-01-20 18:01:50 [INFO] Successfully created and saved all inverted index for Title_processed (100 items).
2024-01-20 18:01:50 [INFO] All Inverted indices created and saved.
2024-01-20 18:01:50 [INFO] 127.0.0.1 - - [20/Jan/2024 18:01:50] "POST /crawl HTTP/1.1" 200 -
2024-01-20 18:01:51 [INFO] Accessed the index route.
2024-01-20 18:01:51 [INFO] 127.0.0.1 - - [20/Jan/2024 18:01:51] "GET / HTTP/1.1" 200 -
2024-01-20 18:01:55 [INFO] Accessed the /search route
2024-01-20 18:01:55 [INFO] Entered simple search
2024-01-20 18:01:55 [INFO] Performing search with option: all_fields
2024-01-20 18:01:55 [INFO] Matching documents: [0, 1, 2, 3, 4, 5, 7, 8, 10, 11, 12, 14, 15, 16, 17, 18, 19, 20, 21, 22, 23, 24, 25, 26, 27, 28, 29, 31, 32, 33, 35, 36, 37, 38, 39, 40, 41, 42, 44, 45, 46, 49, 50, 51, 53, 55, 56, 57, 59, 60, 61, 62, 63, 64, 65, 66, 67, 68, 69, 70, 71, 72, 73, 74, 75, 76, 77, 78, 79, 80, 81, 82, 84, 86, 87, 88, 89, 90, 91, 92, 93, 94, 96, 97, 98, 4, 31, 33, 41, 44, 50, 53, 71, 76, 81, 87, 96]
2024-01-20 18:01:55 [INFO] 127.0.0.1 - - [20/Jan/2024 18:01:55] "GET /search?query=python&search_option=all_fields&algorithm=no_algorithm HTTP/1.1" 200 -
2024-01-20 18:01:57 [INFO] Accessed the /search route
2024-01-20 18:01:57 [INFO] Entered simple search
2024-01-20 18:01:57 [INFO] Performing search with option: all_fields
2024-01-20 18:01:57 [INFO] Matching documents: [0, 1, 2, 3, 4, 5, 7, 8, 10, 11, 12, 14, 15, 16, 17, 18, 19, 20, 21, 22, 23, 24, 25, 26, 27, 28, 29, 31, 32, 33, 35, 36, 37, 38, 39, 40, 41, 42, 44, 45, 46, 49, 50, 51, 53, 55, 56, 57, 59, 60, 61, 62, 63, 64, 65, 66, 67, 68, 69, 70, 71, 72, 73, 74, 75, 76, 77, 78, 79, 80, 81, 82, 84, 86, 87, 88, 89, 90, 91, 92, 93, 94, 96, 97, 98, 4, 31, 33, 41, 44, 50, 53, 71, 76, 81, 87, 96]
2024-01-20 18:01:57 [INFO] Sorting results by author.
2024-01-20 18:01:57 [INFO] 127.0.0.1 - - [20/Jan/2024 18:01:57] "GET /search?query=python&search_option=all_fields&algorithm=no_algorithm&sort_by=author HTTP/1.1" 200 -
2024-01-20 18:02:00 [INFO] Accessed the /search route
2024-01-20 18:02:00 [INFO] Entered simple search
2024-01-20 18:02:00 [INFO] Performing search with option: all_fields
2024-01-20 18:02:00 [INFO] Matching documents: [0, 1, 2, 3, 4, 5, 7, 8, 10, 11, 12, 14, 15, 16, 17, 18, 19, 20, 21, 22, 23, 24, 25, 26, 27, 28, 29, 31, 32, 33, 35, 36, 37, 38, 39, 40, 41, 42, 44, 45, 46, 49, 50, 51, 53, 55, 56, 57, 59, 60, 61, 62, 63, 64, 65, 66, 67, 68, 69, 70, 71, 72, 73, 74, 75, 76, 77, 78, 79, 80, 81, 82, 84, 86, 87, 88, 89, 90, 91, 92, 93, 94, 96, 97, 98, 4, 31, 33, 41, 44, 50, 53, 71, 76, 81, 87, 96]
2024-01-20 18:02:00 [INFO] Sorting results by title.
2024-01-20 18:02:00 [INFO] 127.0.0.1 - - [20/Jan/2024 18:02:00] "GET /search?query=python&search_option=all_fields&algorithm=no_algorithm&sort_by=title HTTP/1.1" 200 -
2024-01-20 18:35:53 [INFO] [31m[1mWARNING: This is a development server. Do not use it in a production deployment. Use a production WSGI server instead.[0m
 * Running on http://127.0.0.1:5000
2024-01-20 18:35:53 [INFO] [33mPress CTRL+C to quit[0m
2024-01-20 18:35:56 [INFO] Accessed the index route.
2024-01-20 18:35:56 [INFO] 127.0.0.1 - - [20/Jan/2024 18:35:56] "GET / HTTP/1.1" 200 -
